生成启动时间为 2017/12/20 13:54:18。
     1>项目“D:\VS2010_proj\gamp_c\gamp_c\gamp_c.vcxproj”在节点 2 上(rebuild 个目标)。
     1>InitializeBuildStatus:
         正在创建“Debug\gamp_c.unsuccessfulbuild”，因为已指定“AlwaysCreate”。
       ClCompile:
         C:\Program Files (x86)\Microsoft Visual Studio 10.0\VC\bin\CL.exe /c /I"C:\pthreads-w32-2-9-1-release\Pre-built.2\include" /ZI /nologo /W3 /WX- /Od /Oy- /D WIN32 /D _DEBUG /D _CONSOLE /D _MBCS /D _CRT_SECURE_NO_WARNINGS /D ENAGLO /D ENACMP /D ENAGAL /D ENAQZS /D NFREQ=3 /Gm /EHsc /RTC1 /MDd /GS /fp:precise /Zc:wchar_t /Zc:forScope /Fo"Debug\\" /Fd"Debug\vc100.pdb" /Gd /TC /analyze- /errorReport:prompt ..\gamp_src\brdceph.c ..\gamp_src\gampPos.c ..\gamp_src\ionex.c ..\gamp_src\lambda.c ..\gamp_src\main.c ..\gamp_src\myMath.c ..\gamp_src\myPpp.c ..\gamp_src\myRinex.c ..\gamp_src\myRtkcmn.c ..\gamp_src\myStr.c ..\gamp_src\ppp.c ..\gamp_src\preceph.c ..\gamp_src\prePpp.c ..\gamp_src\results.c ..\gamp_src\rinex.c ..\gamp_src\rtkcmn.c ..\gamp_src\spp.c ..\gamp_src\tides.c
         tides.c
         spp.c
         rtkcmn.c
         rinex.c
         results.c
         prePpp.c
         preceph.c
         ppp.c
         myStr.c
         myRtkcmn.c
         myRinex.c
         myPpp.c
         myMath.c
         main.c
         lambda.c
         ionex.c
         gampPos.c
         brdceph.c
         正在生成代码...
       Link:
         C:\Program Files (x86)\Microsoft Visual Studio 10.0\VC\bin\link.exe /ERRORREPORT:PROMPT /OUT:"D:\VS2010_proj\gamp_c\Debug\gamp_c.exe" /NOLOGO /LIBPATH:"C:\pthreads-w32-2-9-1-release\Pre-built.2\lib\x86" pthreadVSE2.lib kernel32.lib user32.lib gdi32.lib winspool.lib comdlg32.lib advapi32.lib shell32.lib ole32.lib oleaut32.lib uuid.lib odbc32.lib odbccp32.lib /MANIFEST /ManifestFile:"Debug\gamp_c.exe.intermediate.manifest" /MANIFESTUAC:"level='asInvoker' uiAccess='false'" /DEBUG /PDB:"D:\VS2010_proj\gamp_c\Debug\gamp_c.pdb" /TLBID:1 /DYNAMICBASE /NXCOMPAT /IMPLIB:"D:\VS2010_proj\gamp_c\Debug\gamp_c.lib" /MACHINE:X86 Debug\brdceph.obj
         Debug\gampPos.obj
         Debug\ionex.obj
         Debug\lambda.obj
         Debug\main.obj
         Debug\myMath.obj
         Debug\myPpp.obj
         Debug\myRinex.obj
         Debug\myRtkcmn.obj
         Debug\myStr.obj
         Debug\ppp.obj
         Debug\preceph.obj
         Debug\prePpp.obj
         Debug\results.obj
         Debug\rinex.obj
         Debug\rtkcmn.obj
         Debug\spp.obj
         Debug\tides.obj
         gamp_c.vcxproj -> D:\VS2010_proj\gamp_c\Debug\gamp_c.exe
       Manifest:
         C:\Program Files (x86)\Microsoft SDKs\Windows\v7.0A\bin\mt.exe /nologo /verbose /outputresource:"D:\VS2010_proj\gamp_c\Debug\gamp_c.exe;#1" /manifest Debug\gamp_c.exe.intermediate.manifest
       FinalizeBuildStatus:
         正在删除文件“Debug\gamp_c.unsuccessfulbuild”。
         正在对“Debug\gamp_c.lastbuildstate”执行 Touch 任务。
     1>已完成生成项目“D:\VS2010_proj\gamp_c\gamp_c\gamp_c.vcxproj”(rebuild 个目标)的操作。

生成成功。

已用时间 00:00:05.17
